c:\users\2017w\desktop\graphicswork\graphicswork\x64\debug\vc143.pdb
c:\users\2017w\desktop\graphicswork\graphicswork\x64\debug\vc143.idb
c:\users\2017w\desktop\graphicswork\graphicswork\x64\debug\graphics.obj
c:\users\2017w\desktop\graphicswork\graphicswork\x64\debug\windowsgui.obj
c:\users\2017w\desktop\graphicswork\graphicswork\x64\debug\vertex.obj
c:\users\2017w\desktop\graphicswork\graphicswork\x64\debug\vector3d.obj
c:\users\2017w\desktop\graphicswork\graphicswork\x64\debug\triangle2d.obj
c:\users\2017w\desktop\graphicswork\graphicswork\x64\debug\triangle.obj
c:\users\2017w\desktop\graphicswork\graphicswork\x64\debug\transformmatrix4d.obj
c:\users\2017w\desktop\graphicswork\graphicswork\x64\debug\point2d.obj
c:\users\2017w\desktop\graphicswork\graphicswork\x64\debug\light.obj
c:\users\2017w\desktop\graphicswork\graphicswork\x64\debug\camera.obj
c:\users\2017w\desktop\graphicswork\graphicswork\x64\debug\algorithms.obj
c:\users\2017w\desktop\graphicswork\graphicswork\x64\debug\graphicswork.ilk
c:\users\2017w\desktop\graphicswork\x64\debug\graphicswork.exe
c:\users\2017w\desktop\graphicswork\x64\debug\graphicswork.pdb
c:\users\2017w\desktop\graphicswork\graphicswork\x64\debug\graphicswork.tlog\cl.command.1.tlog
c:\users\2017w\desktop\graphicswork\graphicswork\x64\debug\graphicswork.tlog\cl.items.tlog
c:\users\2017w\desktop\graphicswork\graphicswork\x64\debug\graphicswork.tlog\cl.read.1.tlog
c:\users\2017w\desktop\graphicswork\graphicswork\x64\debug\graphicswork.tlog\cl.write.1.tlog
c:\users\2017w\desktop\graphicswork\graphicswork\x64\debug\graphicswork.tlog\link.command.1.tlog
c:\users\2017w\desktop\graphicswork\graphicswork\x64\debug\graphicswork.tlog\link.read.1.tlog
c:\users\2017w\desktop\graphicswork\graphicswork\x64\debug\graphicswork.tlog\link.write.1.tlog
